<?xml version="1.0" encoding="UTF-8"?>
<testng-results skipped="0" failed="0" ignored="0" total="0" passed="0">
  <reporter-output>
  </reporter-output>
  <suite name="TestAll" duration-ms="9" started-at="2022-09-29T15:24:34Z" finished-at="2022-09-29T15:24:34Z">
    <groups>
    </groups>
    <test name="Window1" duration-ms="9" started-at="2022-09-29T15:24:34Z" finished-at="2022-09-29T15:24:34Z">
      <class name="Test">
        <test-method status="PASS" signature="setup()[pri:0, instance:Test@20e2cbe0]" name="setup" is-config="true" duration-ms="6" started-at="2022-09-29T11:24:34Z" finished-at="2022-09-29T11:24:34Z">
          <reporter-output>
          </reporter-output>
        </test-method> <!-- setup -->
        <test-method status="PASS" signature="test()[pri:0, instance:Test@20e2cbe0]" name="test" is-config="true" duration-ms="0" started-at="2022-09-29T11:24:34Z" finished-at="2022-09-29T11:24:34Z">
          <reporter-output>
          </reporter-output>
        </test-method> <!-- test -->
      </class> <!-- Test -->
    </test> <!-- Window1 -->
  </suite> <!-- TestAll -->
</testng-results>
